# timestamp | duration | file | instruction | dir | modtime | etag | size | fileId | status | errorString | http result code | other size | other modtime | other etag | other fileId | other instruction
#=#=#=# Syncrun started 2019-04-02T11:38:32Z
#=#=#=#=# Propagation starts 2019-04-02T11:38:33Z (last step: 126 msec, total: 126 msec)
11:38:32||css|INST_NEW|Up|1554147669||4096|00000590ocm1k0mqbds3|4||201|0|0||||
11:38:32||images|INST_NEW|Up|1554204708||4096|00000591ocm1k0mqbds3|4||201|0|0||||
11:38:32||our-games.html|INST_NEW|Up|1554203992|91e4124f93d3ae0b18087c8a9deb4c01|2852|00000592ocm1k0mqbds3|4||201|0|0||||
11:38:32||js|INST_NEW|Up|1554147641||4096|00000593ocm1k0mqbds3|4||201|0|0||||
11:38:32||index.html|INST_NEW|Up|1554201487|71a53ee176df3edf5bc466b849678274|3112|00000594ocm1k0mqbds3|4||201|0|0||||
11:38:32||README.md|INST_NEW|Up|1553040985|c5536c21414596f1ba15135bd8aa1e53|47|00000595ocm1k0mqbds3|4||201|0|0||||
11:38:32||css/yeti|INST_NEW|Up|1552960959||0|00000596ocm1k0mqbds3|4||201|0|0||||
11:38:32||css/bootstrap-grid.css|INST_NEW|Up|1552960959|0031c1ef0851e551bf3388be2a7c64a7|68266|00000597ocm1k0mqbds3|4||201|0|0||||
11:38:32||css/bootstrap-grid.min.css|INST_NEW|Up|1552960959|679c71f0c2dcdf22ad722ab75ac25583|48494|00000598ocm1k0mqbds3|4||201|0|0||||
11:38:32||css/bootstrap-reboot.css|INST_NEW|Up|1552960959|2c43fbd8f2ac6ffb7b0d1259c49e0c3d|5227|00000599ocm1k0mqbds3|4||201|0|0||||
11:38:33||css/bootstrap-grid.min.css.map|INST_NEW|Up|1552960959|6379874aa5a7912c788f8c579fd61ac8|108539|00000600ocm1k0mqbds3|4||201|0|0||||
11:38:33||css/bootstrap-grid.css.map|INST_NEW|Up|1552960959|f3655891e6da96cdac643aa17974d055|151749|00000601ocm1k0mqbds3|4||201|0|0||||
11:38:34||css/bootstrap-reboot.min.css|INST_NEW|Up|1552960959|09b73596fa37728655f9a00e5e7558ec|4028|00000602ocm1k0mqbds3|4||201|0|0||||
11:38:34||css/bootstrap-reboot.css.map|INST_NEW|Up|1552960959|4dbb56f24d61ab79ce7384a5ecb8265c|76483|00000603ocm1k0mqbds3|4||201|0|0||||
11:38:34||css/yeti/bootstrap.min.css|INST_NEW|Up|1552960959|fc2664fdfc8dfe11ba1e6ede2d4966e3|184180|00000604ocm1k0mqbds3|4||201|0|0||||
11:38:35||css/bootstrap.css|INST_NEW|Up|1552960959|f739ea18a53001439f5b579c419fb291|202385|00000605ocm1k0mqbds3|4||201|0|0||||
11:38:35||css/yeti/bootstrap.css|INST_NEW|Up|1552960959|e5aaf6a7ba5ec951b70a7afeda2bdeef|238170|00000606ocm1k0mqbds3|4||201|0|0||||
11:38:35||css/bootstrap-reboot.min.css.map|INST_NEW|Up|1552960959|72c767d43e3b42632627a6f930318d48|32461|00000607ocm1k0mqbds3|4||201|0|0||||
11:38:36||css/bootstrap.min.css|INST_NEW|Up|1552960959|32372ad1858f31f850bba5176eb00a39|155764|00000608ocm1k0mqbds3|4||201|0|0||||
11:38:37||images/fb|INST_NEW|Up|1552965340||4096|00000609ocm1k0mqbds3|4||201|0|0||||
11:38:37||css/style.css|INST_NEW|Up|1554204590|fca95b9c33fe2285722110bde3e4e3ca|2941|00000610ocm1k0mqbds3|4||201|0|0||||
11:38:40||css/bootstrap.css.map|INST_NEW|Up|1552960959|0cdfc75205ccc4a279f2ee1088170b87|492048|00000611ocm1k0mqbds3|4||201|0|0||||
11:38:42||css/bootstrap.min.css.map|INST_NEW|Up|1552960959|c152635f047d3be3eb807b9459e3d00e|625953|00000612ocm1k0mqbds3|4||201|0|0||||
11:38:43||images/fb/left1.png|INST_NEW|Up|1552961921|b7bbf134a30fd6753e667567af86fd59|581021|00000613ocm1k0mqbds3|4||201|0|0||||
11:38:43||images/fb/logohead.png|INST_NEW|Up|1552965304|4978b87318688d965d6eae5c1eb12625|35077|00000614ocm1k0mqbds3|4||201|0|0||||
11:38:45||images/fb/left2.png|INST_NEW|Up|1552961925|15adaa7e769136e475e3758d7c219d06|820720|00000615ocm1k0mqbds3|4||201|0|0||||
11:38:45||images/fb/logotext.png|INST_NEW|Up|1552965302|9705ad1d818e5ec6e09d95376a18fb4b|36797|00000616ocm1k0mqbds3|4||201|0|0||||
||images/fb/right2.png|INST_NEW|Up|1552961922||1482601||2|Server hat "500 Internal Server Error" auf "PUT https://ocloud.gaming-network.eu/remote.php/dav/files/MrElmida/MrElmida/WEBSITE/images/fb/right2.png" geantwortet (An exception occurred while executing 'UPDATE `oc_file_locks` SET `lock` = 1, `ttl` = ? WHERE `key` = ? AND `lock` = -1' with params [1554208735, "files\/c384d8e684468a87323fe5ab057161c3"]:

SQLSTATE[HY000]: General error: 2006 MySQL server has gone away)|500|0|0||||
||images/fb/right1.png|INST_NEW|Up|1552961919||639685||2|Server hat "500 Internal Server Error" auf "PUT https://ocloud.gaming-network.eu/remote.php/dav/files/MrElmida/MrElmida/WEBSITE/images/fb/right1.png" geantwortet (An exception occurred while executing 'UPDATE `oc_file_locks` SET `lock` = 1, `ttl` = ? WHERE `key` = ? AND `lock` = -1' with params [1554208735, "files\/97f8e6356e9b083c0a6527ae8603370f"]:

SQLSTATE[HY000]: General error: 2006 MySQL server has gone away)|500|0|0||||
||images/636544.jpg|INST_NEW|Up|1552960959||477115||2|Server hat "500 Internal Server Error" auf "PUT https://ocloud.gaming-network.eu/remote.php/dav/files/MrElmida/MrElmida/WEBSITE/images/636544.jpg" geantwortet|500|0|0||||
||images/fb/mid.png|INST_NEW|Up|1552961927||1807029||2|Server hat "500 Internal Server Error" auf "PUT https://ocloud.gaming-network.eu/remote.php/dav/files/MrElmida/MrElmida/WEBSITE/images/fb/mid.png" geantwortet (An exception occurred while executing 'UPDATE `oc_file_locks` SET `lock` = 1, `ttl` = ? WHERE `key` = ? AND `lock` = -1' with params [1554208740, "files\/67a87c189a133bd1cab4bc4563005fa0"]:

SQLSTATE[HY000]: General error: 2006 MySQL server has gone away)|500|0|0||||
||images/298299.jpg|INST_NEW|Up|1552960959||455818||2|Server hat "500 Internal Server Error" auf "PUT https://ocloud.gaming-network.eu/remote.php/dav/files/MrElmida/MrElmida/WEBSITE/images/298299.jpg" geantwortet|500|0|0||||
||images/assassin-s-creed-iv-black-flag-21769-1920x1080.jpg|INST_NEW|Up|1552960959||757588||2|Server hat "500 Internal Server Error" auf "PUT https://ocloud.gaming-network.eu/remote.php/dav/files/MrElmida/MrElmida/WEBSITE/images/assassin-s-creed-iv-black-flag-21769-1920x1080.jpg" geantwortet|500|0|0||||
||images/banner-game.png|INST_NEW|Up|1554204655||1822930||2|Server hat "500 Internal Server Error" auf "PUT https://ocloud.gaming-network.eu/remote.php/dav/files/MrElmida/MrElmida/WEBSITE/images/banner-game.png" geantwortet|500|0|0||||
||images/star_wars_battlefront_electronic_arts_105865_1920x1080.jpg|INST_NEW|Up|1552960959||807857||2|Server hat "500 Internal Server Error" auf "PUT https://ocloud.gaming-network.eu/remote.php/dav/files/MrElmida/MrElmida/WEBSITE/images/star_wars_battlefront_electronic_arts_105865_1920x1080.jpg" geantwortet|500|0|0||||
||images/startbanner-finished.psd|INST_NEW|Up|1552965271||27914530||2|Server hat "500 Internal Server Error" auf "MKCOL https://ocloud.gaming-network.eu/remote.php/dav/uploads/MrElmida/1767998095" geantwortet|500|0|0||||
||images/startbanner.psd|INST_NEW|Up|1552961690||17246501||2|Server hat "500 Internal Server Error" auf "MKCOL https://ocloud.gaming-network.eu/remote.php/dav/uploads/MrElmida/4217788828" geantwortet|500|0|0||||
||images/thumb-1920-722618.jpg|INST_NEW|Up|1552960959||440880||2|Server hat "500 Internal Server Error" auf "PUT https://ocloud.gaming-network.eu/remote.php/dav/files/MrElmida/MrElmida/WEBSITE/images/thumb-1920-722618.jpg" geantwortet|500|0|0||||
||images/ww3-logo.png|INST_NEW|Up|1554204708||27440||2|Server hat "500 Internal Server Error" auf "PUT https://ocloud.gaming-network.eu/remote.php/dav/files/MrElmida/MrElmida/WEBSITE/images/ww3-logo.png" geantwortet|500|0|0||||
||js/anime.min.js|INST_NEW|Up|1552963701||17179||2|Server hat "500 Internal Server Error" auf "PUT https://ocloud.gaming-network.eu/remote.php/dav/files/MrElmida/MrElmida/WEBSITE/js/anime.min.js" geantwortet|500|0|0||||
||js/banner.js|INST_NEW|Up|1552969630||1386||2|Server hat "500 Internal Server Error" auf "PUT https://ocloud.gaming-network.eu/remote.php/dav/files/MrElmida/MrElmida/WEBSITE/js/banner.js" geantwortet|500|0|0||||
||js/bootstrap.bundle.js|INST_NEW|Up|1552960959||229924||2|Server hat "500 Internal Server Error" auf "PUT https://ocloud.gaming-network.eu/remote.php/dav/files/MrElmida/MrElmida/WEBSITE/js/bootstrap.bundle.js" geantwortet|500|0|0||||
||images/banner.jpg|INST_NEW|Up|1554202054||1576462||2|Server hat "500 Internal Server Error" auf "PUT https://ocloud.gaming-network.eu/remote.php/dav/files/MrElmida/MrElmida/WEBSITE/images/banner.jpg" geantwortet|500|0|0||||
||js/bootstrap.bundle.min.js.map|INST_NEW|Up|1552960959||311949||2|Server hat "500 Internal Server Error" auf "PUT https://ocloud.gaming-network.eu/remote.php/dav/files/MrElmida/MrElmida/WEBSITE/js/bootstrap.bundle.min.js.map" geantwortet|500|0|0||||
||js/bootstrap.js|INST_NEW|Up|1552960959||136072||2|Server hat "500 Internal Server Error" auf "PUT https://ocloud.gaming-network.eu/remote.php/dav/files/MrElmida/MrElmida/WEBSITE/js/bootstrap.js" geantwortet|500|0|0||||
||js/bootstrap.js.map|INST_NEW|Up|1552960959||250568||2|Server hat "500 Internal Server Error" auf "PUT https://ocloud.gaming-network.eu/remote.php/dav/files/MrElmida/MrElmida/WEBSITE/js/bootstrap.js.map" geantwortet|500|0|0||||
||js/bootstrap.min.js|INST_NEW|Up|1552960959||58078||2|Server hat "500 Internal Server Error" auf "PUT https://ocloud.gaming-network.eu/remote.php/dav/files/MrElmida/MrElmida/WEBSITE/js/bootstrap.min.js" geantwortet|500|0|0||||
||images/sArtboard-1.png|INST_NEW|Up|1552961437||2639676||2|Server hat "500 Internal Server Error" auf "PUT https://ocloud.gaming-network.eu/remote.php/dav/files/MrElmida/MrElmida/WEBSITE/images/sArtboard-1.png" geantwortet|500|0|0||||
||js/bootstrap.min.js.map|INST_NEW|Up|1552960959||190253||2|Server hat "500 Internal Server Error" auf "PUT https://ocloud.gaming-network.eu/remote.php/dav/files/MrElmida/MrElmida/WEBSITE/js/bootstrap.min.js.map" geantwortet|500|0|0||||
||js/bootstrap.bundle.min.js|INST_NEW|Up|1552960959||78641||2|Server hat "500 Internal Server Error" auf "PUT https://ocloud.gaming-network.eu/remote.php/dav/files/MrElmida/MrElmida/WEBSITE/js/bootstrap.bundle.min.js" geantwortet|500|0|0||||
||js/jquery-3.3.1.min.js|INST_NEW|Up|1552960959||86929||2|Server hat "500 Internal Server Error" auf "PUT https://ocloud.gaming-network.eu/remote.php/dav/files/MrElmida/MrElmida/WEBSITE/js/jquery-3.3.1.min.js" geantwortet|500|0|0||||
||js/jquery-3.3.1.js|INST_NEW|Up|1552960959||282115||2|Server hat "500 Internal Server Error" auf "PUT https://ocloud.gaming-network.eu/remote.php/dav/files/MrElmida/MrElmida/WEBSITE/js/jquery-3.3.1.js" geantwortet|500|0|0||||
||js/bootstrap.bundle.js.map|INST_NEW|Up|1552960959||402249||3|Server hat "500 Internal Server Error" auf "PUT https://ocloud.gaming-network.eu/remote.php/dav/files/MrElmida/MrElmida/WEBSITE/js/bootstrap.bundle.js.map" geantwortet|500|0|0||||
#=#=#=# Syncrun finished 2019-04-02T11:39:29Z (last step: 56787 msec, total: 56913 msec)
#=#=#=# Syncrun started 2019-04-02T11:40:11Z
#=#=#=#=# Propagation starts 2019-04-02T11:40:12Z (last step: 1075 msec, total: 1075 msec)
||images/fb/right1.png|INST_NEW|Up|1552961919||639685||1|Verbindung beendet|0|0|0||||
||images/fb/mid.png|INST_NEW|Up|1552961927||1807029||3|Operation abgebrochen|0|0|0||||
||images/fb/right2.png|INST_NEW|Up|1552961922||1482601||3|Operation abgebrochen|0|0|0||||
#=#=#=# Syncrun finished 2019-04-02T11:40:14Z (last step: 2191 msec, total: 3266 msec)
#=#=#=# Syncrun started 2019-04-02T11:40:17Z
#=#=#=#=# Propagation starts 2019-04-02T11:40:18Z (last step: 664 msec, total: 664 msec)
||images/fb/right1.png|INST_NEW|Up|1552961919||639685||1|Verbindung beendet|0|0|0||||
||images/fb/mid.png|INST_NEW|Up|1552961927||1807029||3|Operation abgebrochen|0|0|0||||
||images/fb/right2.png|INST_NEW|Up|1552961922||1482601||3|Operation abgebrochen|0|0|0||||
#=#=#=# Syncrun finished 2019-04-02T11:40:20Z (last step: 1831 msec, total: 2496 msec)
#=#=#=# Syncrun started 2019-04-02T11:40:42Z
#=#=#=#=# Propagation starts 2019-04-02T11:40:43Z (last step: 625 msec, total: 625 msec)
||images/fb/mid.png|INST_NEW|Up|1552961927||1807029||1|Verbindung beendet|0|0|0||||
||images/fb/right1.png|INST_NEW|Up|1552961919||639685||3|Operation abgebrochen|0|0|0||||
||images/fb/right2.png|INST_NEW|Up|1552961922||1482601||3|Operation abgebrochen|0|0|0||||
#=#=#=# Syncrun finished 2019-04-02T11:40:43Z (last step: 452 msec, total: 1077 msec)
#=#=#=# Syncrun started 2019-04-02T11:41:16Z
#=#=#=#=# Propagation starts 2019-04-02T11:41:17Z (last step: 727 msec, total: 727 msec)
||images/fb/mid.png|INST_NEW|Up|1552961927||1807029||1|Verbindung beendet|0|0|0||||
||images/fb/right1.png|INST_NEW|Up|1552961919||639685||3|Operation abgebrochen|0|0|0||||
||images/fb/right2.png|INST_NEW|Up|1552961922||1482601||3|Operation abgebrochen|0|0|0||||
#=#=#=# Syncrun finished 2019-04-02T11:41:18Z (last step: 454 msec, total: 1182 msec)
